Tic Tac Toe

{ agents: [ 'MCTS', 'Random' ], matches: 500, printStates: false }

{
  genGraph: false,
  maxDepthPrinted: null,
  searchesTime: 0.48828125,
  searchesAmount: null,
  maxPlayoutDepth: null
}

Progresso: 0%
Progresso: 10%
Progresso: 20%
Progresso: 30%
Progresso: 40%
Progresso: 50%
Progresso: 60%
Progresso: 70%
Progresso: 80%
Progresso: 90%

Ecrito em [object Object]: 
[
  { gameName: 'Tic Tac Toe' },
  { agents: [ 'MCTS', 'Random' ], matches: 500, printStates: false },
  {
    genGraph: false,
    maxDepthPrinted: null,
    searchesTime: 0.48828125,
    searchesAmount: null,
    maxPlayoutDepth: null
  },
  {
    score: { victories: 478, defeats: 2, draws: 20 },
    ownGoals: { favorable: 0, unfavorable: 0 },
    meanTurns: 6.172,
    meanMatchTime: 3.614,
    meanTurnTime: 0.586
  },
  {
    searchesAmount: 720.4681919642857,
    nodesAmount: 34.072544642857146,
    maxDepth: 2.5792410714285716
  }
]

Gobblets Gobblers

{ agents: [ 'MCTS', 'Random' ], matches: 500, printStates: false }

{
  genGraph: false,
  maxDepthPrinted: null,
  searchesTime: 0.48828125,
  searchesAmount: null,
  maxPlayoutDepth: null
}

Progresso: 0%
Progresso: 10%
Progresso: 20%
Progresso: 30%
Progresso: 40%
Progresso: 50%
Progresso: 60%
Progresso: 70%
Progresso: 80%
Progresso: 90%

Ecrito em [object Object]: 
[
  { gameName: 'Gobblets Gobblers' },
  { agents: [ 'MCTS', 'Random' ], matches: 500, printStates: false },
  {
    genGraph: false,
    maxDepthPrinted: null,
    searchesTime: 0.48828125,
    searchesAmount: null,
    maxPlayoutDepth: null
  },
  {
    score: { victories: 253, defeats: 242, draws: 5 },
    ownGoals: { favorable: 22, unfavorable: 20 },
    meanTurns: 12.544,
    meanMatchTime: 6.552,
    meanTurnTime: 0.522
  },
  {
    searchesAmount: 5.07048728164266,
    nodesAmount: 5.07048728164266,
    maxDepth: 1
  }
]

Connect Four

{ agents: [ 'MCTS', 'Random' ], matches: 500, printStates: false }

{
  genGraph: false,
  maxDepthPrinted: null,
  searchesTime: 0.48828125,
  searchesAmount: null,
  maxPlayoutDepth: null
}

Progresso: 0%
Progresso: 10%
Progresso: 20%
Progresso: 30%
Progresso: 40%
Progresso: 50%
Progresso: 60%
Progresso: 70%
Progresso: 80%
Progresso: 90%

Ecrito em [object Object]: 
[
  { gameName: 'Connect Four' },
  { agents: [ 'MCTS', 'Random' ], matches: 500, printStates: false },
  {
    genGraph: false,
    maxDepthPrinted: null,
    searchesTime: 0.48828125,
    searchesAmount: null,
    maxPlayoutDepth: null
  },
  {
    score: { victories: 259, defeats: 183, draws: 58 },
    ownGoals: { favorable: 0, unfavorable: 0 },
    meanTurns: 31.55,
    meanMatchTime: 18.422,
    meanTurnTime: 0.584
  },
  {
    searchesAmount: 18.256205563178245,
    nodesAmount: 1.7364350754646376,
    maxDepth: 1.0331794935761507
  }
]

Boop

{ agents: [ 'MCTS', 'Random' ], matches: 500, printStates: false }

{
  genGraph: false,
  maxDepthPrinted: null,
  searchesTime: 0.48828125,
  searchesAmount: null,
  maxPlayoutDepth: null
}

Progresso: 0%
Progresso: 10%
Progresso: 20%
Progresso: 30%
Progresso: 40%
Progresso: 50%
Progresso: 60%
Progresso: 70%
Progresso: 80%
Progresso: 90%

Ecrito em [object Object]: 
[
  { gameName: 'Boop' },
  { agents: [ 'MCTS', 'Random' ], matches: 500, printStates: false },
  {
    genGraph: false,
    maxDepthPrinted: null,
    searchesTime: 0.48828125,
    searchesAmount: null,
    maxPlayoutDepth: null
  },
  {
    score: { victories: 210, defeats: 209, draws: 81 },
    ownGoals: { favorable: 47, unfavorable: 54 },
    meanTurns: 70.552,
    meanMatchTime: 62.556,
    meanTurnTime: 0.887
  },
  {
    searchesAmount: 1.3810219798752037,
    nodesAmount: 1.3810219798752037,
    maxDepth: 1.0004497161167014
  }
]

Checkers

{ agents: [ 'MCTS', 'Random' ], matches: 500, printStates: false }

{
  genGraph: false,
  maxDepthPrinted: null,
  searchesTime: 0.48828125,
  searchesAmount: null,
  maxPlayoutDepth: null
}

Progresso: 0%
Progresso: 10%
Progresso: 20%
Progresso: 30%
Progresso: 40%
Progresso: 50%
Progresso: 60%
Progresso: 70%
Progresso: 80%
Progresso: 90%

Ecrito em [object Object]: 
[
  { gameName: 'Checkers' },
  { agents: [ 'MCTS', 'Random' ], matches: 500, printStates: false },
  {
    genGraph: false,
    maxDepthPrinted: null,
    searchesTime: 0.48828125,
    searchesAmount: null,
    maxPlayoutDepth: null
  },
  {
    score: { victories: 264, defeats: 203, draws: 33 },
    ownGoals: { favorable: 0, unfavorable: 0 },
    meanTurns: 65.722,
    meanMatchTime: 42.692,
    meanTurnTime: 0.65
  },
  {
    searchesAmount: 8.680142615421802,
    nodesAmount: 1.7414189025864153,
    maxDepth: 1.0410321489001693
  }
]

